Build started 21/11/2014 17:30:23.
Project "C:\Users\Administrator\Desktop\3DRender\HW6\CS580HW5.vcxproj" on node 2 (build target(s)).
InitializeBuildStatus:
  Creating ".\Debug\CS580HW5.unsuccessfulbuild" because "AlwaysCreate" was specified.
ClCompile:
  C:\Program Files\Microsoft Visual Studio 10.0\VC\bin\CL.exe /c /ZI /nologo /W3 /WX- /Od /Oy- /D WIN32 /D _DEBUG /D _WINDOWS /D _VC80_UPGRADE=0x0600 /D _MBCS /D _AFXDLL /Gm /EHsc /RTC1 /MDd /GS /Gy- /fp:precise /Zc:wchar_t /Zc:forScope /Yc"stdafx.h" /Fp".\Debug\CS580HW5.pch" /Fo".\Debug\\" /Fd".\Debug\vc100.pdb" /FR".\Debug\\" /Gd /TP /analyze- /errorReport:prompt StdAfx.cpp
  StdAfx.cpp
  _WIN32_WINNT not defined. Defaulting to _WIN32_WINNT_MAXVER (see WinSDKVer.h)
  C:\Program Files\Microsoft Visual Studio 10.0\VC\bin\CL.exe /c /ZI /nologo /W3 /WX- /Od /Oy- /D WIN32 /D _DEBUG /D _WINDOWS /D _VC80_UPGRADE=0x0600 /D _MBCS /D _AFXDLL /Gm /EHsc /RTC1 /MDd /GS /Gy- /fp:precise /Zc:wchar_t /Zc:forScope /Yu"stdafx.h" /Fp".\Debug\CS580HW5.pch" /Fo".\Debug\\" /Fd".\Debug\vc100.pdb" /FR".\Debug\\" /Gd /TP /analyze- /errorReport:prompt Application.cpp Application5.cpp CS580HW.cpp CS580HWDoc.cpp CS580HWView.cpp disp.cpp MainFrm.cpp rend.cpp RotateDlg.cpp ScaleDlg.cpp tex_fun.cpp TranslateDlg.cpp
  TranslateDlg.cpp
  tex_fun.cpp
c:\users\administrator\desktop\3drender\hw6\tex_fun.cpp(31): warning C4996: 'fopen': This function or variable may be unsafe. Consider using fopen_s instead. To disable deprecation, use _CRT_SECURE_NO_WARNINGS. See online help for details.
          c:\program files\microsoft visual studio 10.0\vc\include\stdio.h(234) : see declaration of 'fopen'
c:\users\administrator\desktop\3drender\hw6\tex_fun.cpp(36): warning C4996: 'fscanf': This function or variable may be unsafe. Consider using fscanf_s instead. To disable deprecation, use _CRT_SECURE_NO_WARNINGS. See online help for details.
          c:\program files\microsoft visual studio 10.0\vc\include\stdio.h(253) : see declaration of 'fscanf'
c:\users\administrator\desktop\3drender\hw6\tex_fun.cpp(45): warning C4244: '=' : conversion from 'double' to 'float', possible loss of data
c:\users\administrator\desktop\3drender\hw6\tex_fun.cpp(46): warning C4244: '=' : conversion from 'double' to 'float', possible loss of data
c:\users\administrator\desktop\3drender\hw6\tex_fun.cpp(47): warning C4244: '=' : conversion from 'double' to 'float', possible loss of data
c:\users\administrator\desktop\3drender\hw6\tex_fun.cpp(70): warning C4244: '=' : conversion from 'float' to 'int', possible loss of data
c:\users\administrator\desktop\3drender\hw6\tex_fun.cpp(71): warning C4244: '=' : conversion from 'float' to 'int', possible loss of data
c:\users\administrator\desktop\3drender\hw6\tex_fun.cpp(72): warning C4244: '=' : conversion from 'float' to 'int', possible loss of data
c:\users\administrator\desktop\3drender\hw6\tex_fun.cpp(73): warning C4244: '=' : conversion from 'float' to 'int', possible loss of data
c:\users\administrator\desktop\3drender\hw6\tex_fun.cpp(27): warning C4101: 'j' : unreferenced local variable
c:\users\administrator\desktop\3drender\hw6\tex_fun.cpp(120): warning C4244: 'argument' : conversion from 'int' to 'float', possible loss of data
c:\users\administrator\desktop\3drender\hw6\tex_fun.cpp(120): warning C4244: 'argument' : conversion from 'int' to 'float', possible loss of data
c:\users\administrator\desktop\3drender\hw6\tex_fun.cpp(121): warning C4244: 'argument' : conversion from 'int' to 'float', possible loss of data
c:\users\administrator\desktop\3drender\hw6\tex_fun.cpp(121): warning C4244: 'argument' : conversion from 'int' to 'float', possible loss of data
c:\users\administrator\desktop\3drender\hw6\tex_fun.cpp(121): warning C4244: '=' : conversion from 'double' to 'float', possible loss of data
c:\users\administrator\desktop\3drender\hw6\tex_fun.cpp(122): warning C4244: 'argument' : conversion from 'int' to 'float', possible loss of data
c:\users\administrator\desktop\3drender\hw6\tex_fun.cpp(122): warning C4244: 'argument' : conversion from 'int' to 'float', possible loss of data
c:\users\administrator\desktop\3drender\hw6\tex_fun.cpp(122): warning C4244: '=' : conversion from 'double' to 'float', possible loss of data
c:\users\administrator\desktop\3drender\hw6\tex_fun.cpp(147): warning C4244: '=' : conversion from 'float' to 'int', possible loss of data
c:\users\administrator\desktop\3drender\hw6\tex_fun.cpp(148): warning C4244: '=' : conversion from 'float' to 'int', possible loss of data
c:\users\administrator\desktop\3drender\hw6\tex_fun.cpp(149): warning C4244: '=' : conversion from 'float' to 'int', possible loss of data
c:\users\administrator\desktop\3drender\hw6\tex_fun.cpp(150): warning C4244: '=' : conversion from 'float' to 'int', possible loss of data
c:\users\administrator\desktop\3drender\hw6\tex_fun.cpp(195): warning C4244: 'return' : conversion from 'double' to 'float', possible loss of data
c:\users\administrator\desktop\3drender\hw6\tex_fun.cpp(235): warning C4244: 'initializing' : conversion from 'double' to 'float', possible loss of data
  ScaleDlg.cpp
  RotateDlg.cpp
  rend.cpp
c:\users\administrator\desktop\3drender\hw6\rend.cpp(132): warning C4244: '=' : conversion from 'double' to 'float', possible loss of data
c:\users\administrator\desktop\3drender\hw6\rend.cpp(133): warning C4244: '=' : conversion from 'double' to 'float', possible loss of data
c:\users\administrator\desktop\3drender\hw6\rend.cpp(134): warning C4244: '=' : conversion from 'double' to 'float', possible loss of data
c:\users\administrator\desktop\3drender\hw6\rend.cpp(135): warning C4244: '=' : conversion from 'double' to 'float', possible loss of data
c:\users\administrator\desktop\3drender\hw6\rend.cpp(149): warning C4244: '=' : conversion from 'double' to 'float', possible loss of data
c:\users\administrator\desktop\3drender\hw6\rend.cpp(150): warning C4244: '=' : conversion from 'double' to 'float', possible loss of data
c:\users\administrator\desktop\3drender\hw6\rend.cpp(151): warning C4244: '=' : conversion from 'double' to 'float', possible loss of data
c:\users\administrator\desktop\3drender\hw6\rend.cpp(152): warning C4244: '=' : conversion from 'double' to 'float', possible loss of data
c:\users\administrator\desktop\3drender\hw6\rend.cpp(164): warning C4244: '=' : conversion from 'double' to 'float', possible loss of data
c:\users\administrator\desktop\3drender\hw6\rend.cpp(165): warning C4244: '=' : conversion from 'double' to 'float', possible loss of data
c:\users\administrator\desktop\3drender\hw6\rend.cpp(166): warning C4244: '=' : conversion from 'double' to 'float', possible loss of data
c:\users\administrator\desktop\3drender\hw6\rend.cpp(167): warning C4244: '=' : conversion from 'double' to 'float', possible loss of data
c:\users\administrator\desktop\3drender\hw6\rend.cpp(237): warning C4305: '=' : truncation from 'double' to 'float'
c:\users\administrator\desktop\3drender\hw6\rend.cpp(238): warning C4305: '=' : truncation from 'double' to 'float'
c:\users\administrator\desktop\3drender\hw6\rend.cpp(239): warning C4305: '=' : truncation from 'double' to 'float'
c:\users\administrator\desktop\3drender\hw6\rend.cpp(241): warning C4305: '=' : truncation from 'double' to 'float'
c:\users\administrator\desktop\3drender\hw6\rend.cpp(242): warning C4305: '=' : truncation from 'double' to 'float'
c:\users\administrator\desktop\3drender\hw6\rend.cpp(245): warning C4305: '=' : truncation from 'double' to 'float'
c:\users\administrator\desktop\3drender\hw6\rend.cpp(249): warning C4305: '=' : truncation from 'double' to 'float'
c:\users\administrator\desktop\3drender\hw6\rend.cpp(336): warning C4244: '=' : conversion from 'double' to 'float', possible loss of data
c:\users\administrator\desktop\3drender\hw6\rend.cpp(413): warning C4305: 'initializing' : truncation from 'int' to 'float'
c:\users\administrator\desktop\3drender\hw6\rend.cpp(418): warning C4244: '=' : conversion from 'double' to 'float', possible loss of data
c:\users\administrator\desktop\3drender\hw6\rend.cpp(429): warning C4244: '=' : conversion from 'int' to 'float', possible loss of data
c:\users\administrator\desktop\3drender\hw6\rend.cpp(430): warning C4244: '=' : conversion from 'int' to 'float', possible loss of data
c:\users\administrator\desktop\3drender\hw6\rend.cpp(431): warning C4244: '=' : conversion from 'int' to 'float', possible loss of data
c:\users\administrator\desktop\3drender\hw6\rend.cpp(432): warning C4244: '=' : conversion from 'int' to 'float', possible loss of data
c:\users\administrator\desktop\3drender\hw6\rend.cpp(704): warning C4390: ';' : empty controlled statement found; is this the intent?
c:\users\administrator\desktop\3drender\hw6\rend.cpp(759): warning C4390: ';' : empty controlled statement found; is this the intent?
c:\users\administrator\desktop\3drender\hw6\rend.cpp(945): warning C4244: 'argument' : conversion from 'float' to 'int', possible loss of data
c:\users\administrator\desktop\3drender\hw6\rend.cpp(945): warning C4244: 'argument' : conversion from 'float' to 'int', possible loss of data
c:\users\administrator\desktop\3drender\hw6\rend.cpp(949): warning C4244: 'argument' : conversion from 'float' to 'GzDepth', possible loss of data
c:\users\administrator\desktop\3drender\hw6\rend.cpp(949): warning C4244: 'argument' : conversion from 'float' to 'GzIntensity', possible loss of data
c:\users\administrator\desktop\3drender\hw6\rend.cpp(949): warning C4244: 'argument' : conversion from 'float' to 'GzIntensity', possible loss of data
c:\users\administrator\desktop\3drender\hw6\rend.cpp(949): warning C4244: 'argument' : conversion from 'float' to 'GzIntensity', possible loss of data
c:\users\administrator\desktop\3drender\hw6\rend.cpp(949): warning C4244: 'argument' : conversion from 'float' to 'int', possible loss of data
c:\users\administrator\desktop\3drender\hw6\rend.cpp(949): warning C4244: 'argument' : conversion from 'float' to 'int', possible loss of data
c:\users\administrator\desktop\3drender\hw6\rend.cpp(1023): warning C4244: 'argument' : conversion from 'float' to 'int', possible loss of data
c:\users\administrator\desktop\3drender\hw6\rend.cpp(1023): warning C4244: 'argument' : conversion from 'float' to 'int', possible loss of data
c:\users\administrator\desktop\3drender\hw6\rend.cpp(1029): warning C4244: 'argument' : conversion from 'float' to 'GzDepth', possible loss of data
c:\users\administrator\desktop\3drender\hw6\rend.cpp(1029): warning C4244: 'argument' : conversion from 'float' to 'GzIntensity', possible loss of data
c:\users\administrator\desktop\3drender\hw6\rend.cpp(1029): warning C4244: 'argument' : conversion from 'float' to 'GzIntensity', possible loss of data
c:\users\administrator\desktop\3drender\hw6\rend.cpp(1029): warning C4244: 'argument' : conversion from 'float' to 'GzIntensity', possible loss of data
c:\users\administrator\desktop\3drender\hw6\rend.cpp(1029): warning C4244: 'argument' : conversion from 'float' to 'int', possible loss of data
c:\users\administrator\desktop\3drender\hw6\rend.cpp(1029): warning C4244: 'argument' : conversion from 'float' to 'int', possible loss of data
c:\users\administrator\desktop\3drender\hw6\rend.cpp(1103): warning C4244: 'argument' : conversion from 'float' to 'int', possible loss of data
c:\users\administrator\desktop\3drender\hw6\rend.cpp(1103): warning C4244: 'argument' : conversion from 'float' to 'int', possible loss of data
c:\users\administrator\desktop\3drender\hw6\rend.cpp(1107): warning C4244: 'argument' : conversion from 'float' to 'GzDepth', possible loss of data
c:\users\administrator\desktop\3drender\hw6\rend.cpp(1107): warning C4244: 'argument' : conversion from 'float' to 'GzIntensity', possible loss of data
c:\users\administrator\desktop\3drender\hw6\rend.cpp(1107): warning C4244: 'argument' : conversion from 'float' to 'GzIntensity', possible loss of data
c:\users\administrator\desktop\3drender\hw6\rend.cpp(1107): warning C4244: 'argument' : conversion from 'float' to 'GzIntensity', possible loss of data
c:\users\administrator\desktop\3drender\hw6\rend.cpp(1107): warning C4244: 'argument' : conversion from 'float' to 'int', possible loss of data
c:\users\administrator\desktop\3drender\hw6\rend.cpp(1107): warning C4244: 'argument' : conversion from 'float' to 'int', possible loss of data
c:\users\administrator\desktop\3drender\hw6\rend.cpp(1180): warning C4244: 'argument' : conversion from 'float' to 'int', possible loss of data
c:\users\administrator\desktop\3drender\hw6\rend.cpp(1180): warning C4244: 'argument' : conversion from 'float' to 'int', possible loss of data
c:\users\administrator\desktop\3drender\hw6\rend.cpp(1184): warning C4244: 'argument' : conversion from 'float' to 'GzDepth', possible loss of data
c:\users\administrator\desktop\3drender\hw6\rend.cpp(1184): warning C4244: 'argument' : conversion from 'float' to 'GzIntensity', possible loss of data
c:\users\administrator\desktop\3drender\hw6\rend.cpp(1184): warning C4244: 'argument' : conversion from 'float' to 'GzIntensity', possible loss of data
c:\users\administrator\desktop\3drender\hw6\rend.cpp(1184): warning C4244: 'argument' : conversion from 'float' to 'GzIntensity', possible loss of data
c:\users\administrator\desktop\3drender\hw6\rend.cpp(1184): warning C4244: 'argument' : conversion from 'float' to 'int', possible loss of data
c:\users\administrator\desktop\3drender\hw6\rend.cpp(1184): warning C4244: 'argument' : conversion from 'float' to 'int', possible loss of data
c:\users\administrator\desktop\3drender\hw6\rend.cpp(1236): warning C4390: ';' : empty controlled statement found; is this the intent?
c:\users\administrator\desktop\3drender\hw6\rend.cpp(1289): warning C4390: ';' : empty controlled statement found; is this the intent?
c:\users\administrator\desktop\3drender\hw6\rend.cpp(1345): warning C4305: 'initializing' : truncation from 'int' to 'float'
c:\users\administrator\desktop\3drender\hw6\rend.cpp(1614): warning C4244: 'argument' : conversion from 'float' to 'int', possible loss of data
c:\users\administrator\desktop\3drender\hw6\rend.cpp(1614): warning C4244: 'argument' : conversion from 'float' to 'int', possible loss of data
c:\users\administrator\desktop\3drender\hw6\rend.cpp(1636): warning C4244: 'argument' : conversion from 'float' to 'GzDepth', possible loss of data
c:\users\administrator\desktop\3drender\hw6\rend.cpp(1636): warning C4244: 'argument' : conversion from 'float' to 'GzIntensity', possible loss of data
c:\users\administrator\desktop\3drender\hw6\rend.cpp(1636): warning C4244: 'argument' : conversion from 'float' to 'GzIntensity', possible loss of data
c:\users\administrator\desktop\3drender\hw6\rend.cpp(1636): warning C4244: 'argument' : conversion from 'float' to 'GzIntensity', possible loss of data
c:\users\administrator\desktop\3drender\hw6\rend.cpp(1636): warning C4244: 'argument' : conversion from 'float' to 'int', possible loss of data
c:\users\administrator\desktop\3drender\hw6\rend.cpp(1636): warning C4244: 'argument' : conversion from 'float' to 'int', possible loss of data
c:\users\administrator\desktop\3drender\hw6\rend.cpp(1744): warning C4244: 'argument' : conversion from 'float' to 'int', possible loss of data
c:\users\administrator\desktop\3drender\hw6\rend.cpp(1744): warning C4244: 'argument' : conversion from 'float' to 'int', possible loss of data
c:\users\administrator\desktop\3drender\hw6\rend.cpp(1767): warning C4244: 'argument' : conversion from 'float' to 'GzDepth', possible loss of data
c:\users\administrator\desktop\3drender\hw6\rend.cpp(1767): warning C4244: 'argument' : conversion from 'float' to 'GzIntensity', possible loss of data
c:\users\administrator\desktop\3drender\hw6\rend.cpp(1767): warning C4244: 'argument' : conversion from 'float' to 'GzIntensity', possible loss of data
c:\users\administrator\desktop\3drender\hw6\rend.cpp(1767): warning C4244: 'argument' : conversion from 'float' to 'GzIntensity', possible loss of data
c:\users\administrator\desktop\3drender\hw6\rend.cpp(1767): warning C4244: 'argument' : conversion from 'float' to 'int', possible loss of data
c:\users\administrator\desktop\3drender\hw6\rend.cpp(1767): warning C4244: 'argument' : conversion from 'float' to 'int', possible loss of data
c:\users\administrator\desktop\3drender\hw6\rend.cpp(1881): warning C4244: 'argument' : conversion from 'float' to 'int', possible loss of data
c:\users\administrator\desktop\3drender\hw6\rend.cpp(1881): warning C4244: 'argument' : conversion from 'float' to 'int', possible loss of data
c:\users\administrator\desktop\3drender\hw6\rend.cpp(1904): warning C4244: 'argument' : conversion from 'float' to 'GzDepth', possible loss of data
c:\users\administrator\desktop\3drender\hw6\rend.cpp(1904): warning C4244: 'argument' : conversion from 'float' to 'GzIntensity', possible loss of data
c:\users\administrator\desktop\3drender\hw6\rend.cpp(1904): warning C4244: 'argument' : conversion from 'float' to 'GzIntensity', possible loss of data
c:\users\administrator\desktop\3drender\hw6\rend.cpp(1904): warning C4244: 'argument' : conversion from 'float' to 'GzIntensity', possible loss of data
c:\users\administrator\desktop\3drender\hw6\rend.cpp(1904): warning C4244: 'argument' : conversion from 'float' to 'int', possible loss of data
c:\users\administrator\desktop\3drender\hw6\rend.cpp(1904): warning C4244: 'argument' : conversion from 'float' to 'int', possible loss of data
c:\users\administrator\desktop\3drender\hw6\rend.cpp(2014): warning C4244: 'argument' : conversion from 'float' to 'int', possible loss of data
c:\users\administrator\desktop\3drender\hw6\rend.cpp(2014): warning C4244: 'argument' : conversion from 'float' to 'int', possible loss of data
c:\users\administrator\desktop\3drender\hw6\rend.cpp(2037): warning C4244: 'argument' : conversion from 'float' to 'GzDepth', possible loss of data
c:\users\administrator\desktop\3drender\hw6\rend.cpp(2037): warning C4244: 'argument' : conversion from 'float' to 'GzIntensity', possible loss of data
c:\users\administrator\desktop\3drender\hw6\rend.cpp(2037): warning C4244: 'argument' : conversion from 'float' to 'GzIntensity', possible loss of data
c:\users\administrator\desktop\3drender\hw6\rend.cpp(2037): warning C4244: 'argument' : conversion from 'float' to 'GzIntensity', possible loss of data
c:\users\administrator\desktop\3drender\hw6\rend.cpp(2037): warning C4244: 'argument' : conversion from 'float' to 'int', possible loss of data
c:\users\administrator\desktop\3drender\hw6\rend.cpp(2037): warning C4244: 'argument' : conversion from 'float' to 'int', possible loss of data
c:\users\administrator\desktop\3drender\hw6\rend.cpp(2101): warning C4390: ';' : empty controlled statement found; is this the intent?
c:\users\administrator\desktop\3drender\hw6\rend.cpp(2156): warning C4390: ';' : empty controlled statement found; is this the intent?
c:\users\administrator\desktop\3drender\hw6\rend.cpp(2210): warning C4305: 'initializing' : truncation from 'int' to 'float'
c:\users\administrator\desktop\3drender\hw6\rend.cpp(2485): warning C4244: 'argument' : conversion from 'float' to 'int', possible loss of data
c:\users\administrator\desktop\3drender\hw6\rend.cpp(2485): warning C4244: 'argument' : conversion from 'float' to 'int', possible loss of data
c:\users\administrator\desktop\3drender\hw6\rend.cpp(2523): warning C4244: 'argument' : conversion from 'float' to 'GzDepth', possible loss of data
c:\users\administrator\desktop\3drender\hw6\rend.cpp(2523): warning C4244: 'argument' : conversion from 'float' to 'GzIntensity', possible loss of data
c:\users\administrator\desktop\3drender\hw6\rend.cpp(2523): warning C4244: 'argument' : conversion from 'float' to 'GzIntensity', possible loss of data
c:\users\administrator\desktop\3drender\hw6\rend.cpp(2523): warning C4244: 'argument' : conversion from 'float' to 'GzIntensity', possible loss of data
c:\users\administrator\desktop\3drender\hw6\rend.cpp(2523): warning C4244: 'argument' : conversion from 'float' to 'int', possible loss of data
c:\users\administrator\desktop\3drender\hw6\rend.cpp(2523): warning C4244: 'argument' : conversion from 'float' to 'int', possible loss of data
c:\users\administrator\desktop\3drender\hw6\rend.cpp(2647): warning C4244: 'argument' : conversion from 'float' to 'int', possible loss of data
c:\users\administrator\desktop\3drender\hw6\rend.cpp(2647): warning C4244: 'argument' : conversion from 'float' to 'int', possible loss of data
c:\users\administrator\desktop\3drender\hw6\rend.cpp(2683): warning C4244: 'argument' : conversion from 'float' to 'GzDepth', possible loss of data
c:\users\administrator\desktop\3drender\hw6\rend.cpp(2683): warning C4244: 'argument' : conversion from 'float' to 'GzIntensity', possible loss of data
c:\users\administrator\desktop\3drender\hw6\rend.cpp(2683): warning C4244: 'argument' : conversion from 'float' to 'GzIntensity', possible loss of data
c:\users\administrator\desktop\3drender\hw6\rend.cpp(2683): warning C4244: 'argument' : conversion from 'float' to 'GzIntensity', possible loss of data
c:\users\administrator\desktop\3drender\hw6\rend.cpp(2683): warning C4244: 'argument' : conversion from 'float' to 'int', possible loss of data
c:\users\administrator\desktop\3drender\hw6\rend.cpp(2683): warning C4244: 'argument' : conversion from 'float' to 'int', possible loss of data
c:\users\administrator\desktop\3drender\hw6\rend.cpp(2817): warning C4244: 'argument' : conversion from 'float' to 'int', possible loss of data
c:\users\administrator\desktop\3drender\hw6\rend.cpp(2817): warning C4244: 'argument' : conversion from 'float' to 'int', possible loss of data
c:\users\administrator\desktop\3drender\hw6\rend.cpp(2851): warning C4244: 'argument' : conversion from 'float' to 'GzDepth', possible loss of data
c:\users\administrator\desktop\3drender\hw6\rend.cpp(2851): warning C4244: 'argument' : conversion from 'float' to 'GzIntensity', possible loss of data
c:\users\administrator\desktop\3drender\hw6\rend.cpp(2851): warning C4244: 'argument' : conversion from 'float' to 'GzIntensity', possible loss of data
c:\users\administrator\desktop\3drender\hw6\rend.cpp(2851): warning C4244: 'argument' : conversion from 'float' to 'GzIntensity', possible loss of data
c:\users\administrator\desktop\3drender\hw6\rend.cpp(2851): warning C4244: 'argument' : conversion from 'float' to 'int', possible loss of data
c:\users\administrator\desktop\3drender\hw6\rend.cpp(2851): warning C4244: 'argument' : conversion from 'float' to 'int', possible loss of data
c:\users\administrator\desktop\3drender\hw6\rend.cpp(2979): warning C4244: 'argument' : conversion from 'float' to 'int', possible loss of data
c:\users\administrator\desktop\3drender\hw6\rend.cpp(2979): warning C4244: 'argument' : conversion from 'float' to 'int', possible loss of data
c:\users\administrator\desktop\3drender\hw6\rend.cpp(3014): warning C4244: 'argument' : conversion from 'float' to 'GzDepth', possible loss of data
c:\users\administrator\desktop\3drender\hw6\rend.cpp(3014): warning C4244: 'argument' : conversion from 'float' to 'GzIntensity', possible loss of data
c:\users\administrator\desktop\3drender\hw6\rend.cpp(3014): warning C4244: 'argument' : conversion from 'float' to 'GzIntensity', possible loss of data
c:\users\administrator\desktop\3drender\hw6\rend.cpp(3014): warning C4244: 'argument' : conversion from 'float' to 'GzIntensity', possible loss of data
c:\users\administrator\desktop\3drender\hw6\rend.cpp(3014): warning C4244: 'argument' : conversion from 'float' to 'int', possible loss of data
c:\users\administrator\desktop\3drender\hw6\rend.cpp(3014): warning C4244: 'argument' : conversion from 'float' to 'int', possible loss of data
c:\users\administrator\desktop\3drender\hw6\rend.cpp(3118): warning C4101: 'Rvertex' : unreferenced local variable
  MainFrm.cpp
  disp.cpp
  CS580HWView.cpp
  CS580HWDoc.cpp
  CS580HW.cpp
c:\users\administrator\desktop\3drender\hw6\cs580hw.cpp(58): warning C4996: 'CWinApp::Enable3dControls': CWinApp::Enable3dControls is no longer needed. You should remove this call.
          c:\program files\microsoft visual studio 10.0\vc\atlmfc\include\afxwin.h(5380) : see declaration of 'CWinApp::Enable3dControls'
  Application5.cpp
c:\users\administrator\desktop\3drender\hw6\application5.cpp(29): warning C4305: 'initializing' : truncation from 'double' to 'float'
c:\users\administrator\desktop\3drender\hw6\application5.cpp(29): warning C4305: 'initializing' : truncation from 'double' to 'float'
c:\users\administrator\desktop\3drender\hw6\application5.cpp(29): warning C4305: 'initializing' : truncation from 'double' to 'float'
c:\users\administrator\desktop\3drender\hw6\application5.cpp(30): warning C4305: 'initializing' : truncation from 'double' to 'float'
c:\users\administrator\desktop\3drender\hw6\application5.cpp(30): warning C4305: 'initializing' : truncation from 'double' to 'float'
c:\users\administrator\desktop\3drender\hw6\application5.cpp(30): warning C4305: 'initializing' : truncation from 'double' to 'float'
c:\users\administrator\desktop\3drender\hw6\application5.cpp(31): warning C4305: 'initializing' : truncation from 'double' to 'float'
c:\users\administrator\desktop\3drender\hw6\application5.cpp(31): warning C4305: 'initializing' : truncation from 'double' to 'float'
c:\users\administrator\desktop\3drender\hw6\application5.cpp(31): warning C4305: 'initializing' : truncation from 'double' to 'float'
c:\users\administrator\desktop\3drender\hw6\application5.cpp(32): warning C4305: 'initializing' : truncation from 'double' to 'float'
c:\users\administrator\desktop\3drender\hw6\application5.cpp(32): warning C4305: 'initializing' : truncation from 'double' to 'float'
c:\users\administrator\desktop\3drender\hw6\application5.cpp(32): warning C4305: 'initializing' : truncation from 'double' to 'float'
c:\users\administrator\desktop\3drender\hw6\application5.cpp(33): warning C4305: 'initializing' : truncation from 'double' to 'float'
c:\users\administrator\desktop\3drender\hw6\application5.cpp(33): warning C4305: 'initializing' : truncation from 'double' to 'float'
c:\users\administrator\desktop\3drender\hw6\application5.cpp(33): warning C4305: 'initializing' : truncation from 'double' to 'float'
c:\users\administrator\desktop\3drender\hw6\application5.cpp(34): warning C4305: 'initializing' : truncation from 'double' to 'float'
c:\users\administrator\desktop\3drender\hw6\application5.cpp(34): warning C4305: 'initializing' : truncation from 'double' to 'float'
c:\users\administrator\desktop\3drender\hw6\application5.cpp(35): warning C4305: 'initializing' : truncation from 'double' to 'float'
c:\users\administrator\desktop\3drender\hw6\application5.cpp(138): warning C4305: 'initializing' : truncation from 'double' to 'float'
c:\users\administrator\desktop\3drender\hw6\application5.cpp(138): warning C4305: 'initializing' : truncation from 'double' to 'float'
c:\users\administrator\desktop\3drender\hw6\application5.cpp(139): warning C4305: 'initializing' : truncation from 'double' to 'float'
c:\users\administrator\desktop\3drender\hw6\application5.cpp(139): warning C4305: 'initializing' : truncation from 'double' to 'float'
c:\users\administrator\desktop\3drender\hw6\application5.cpp(145): warning C4305: 'initializing' : truncation from 'double' to 'float'
c:\users\administrator\desktop\3drender\hw6\application5.cpp(147): warning C4305: 'initializing' : truncation from 'double' to 'float'
c:\users\administrator\desktop\3drender\hw6\application5.cpp(156): warning C4305: '=' : truncation from 'double' to 'float'
c:\users\administrator\desktop\3drender\hw6\application5.cpp(157): warning C4305: '=' : truncation from 'double' to 'float'
c:\users\administrator\desktop\3drender\hw6\application5.cpp(160): warning C4305: '=' : truncation from 'double' to 'float'
c:\users\administrator\desktop\3drender\hw6\application5.cpp(164): warning C4305: '=' : truncation from 'double' to 'float'
c:\users\administrator\desktop\3drender\hw6\application5.cpp(187): warning C4305: 'initializing' : truncation from 'double' to 'float'
c:\users\administrator\desktop\3drender\hw6\application5.cpp(187): warning C4305: 'initializing' : truncation from 'double' to 'float'
c:\users\administrator\desktop\3drender\hw6\application5.cpp(187): warning C4305: 'initializing' : truncation from 'double' to 'float'
c:\users\administrator\desktop\3drender\hw6\application5.cpp(188): warning C4305: 'initializing' : truncation from 'double' to 'float'
c:\users\administrator\desktop\3drender\hw6\application5.cpp(188): warning C4305: 'initializing' : truncation from 'double' to 'float'
c:\users\administrator\desktop\3drender\hw6\application5.cpp(188): warning C4305: 'initializing' : truncation from 'double' to 'float'
c:\users\administrator\desktop\3drender\hw6\application5.cpp(188): warning C4305: 'initializing' : truncation from 'double' to 'float'
c:\users\administrator\desktop\3drender\hw6\application5.cpp(188): warning C4305: 'initializing' : truncation from 'double' to 'float'
c:\users\administrator\desktop\3drender\hw6\application5.cpp(189): warning C4305: 'initializing' : truncation from 'double' to 'float'
c:\users\administrator\desktop\3drender\hw6\application5.cpp(189): warning C4305: 'initializing' : truncation from 'double' to 'float'
c:\users\administrator\desktop\3drender\hw6\application5.cpp(189): warning C4305: 'initializing' : truncation from 'double' to 'float'
c:\users\administrator\desktop\3drender\hw6\application5.cpp(189): warning C4305: 'initializing' : truncation from 'double' to 'float'
c:\users\administrator\desktop\3drender\hw6\application5.cpp(189): warning C4305: 'initializing' : truncation from 'double' to 'float'
c:\users\administrator\desktop\3drender\hw6\application5.cpp(190): warning C4305: 'initializing' : truncation from 'double' to 'float'
c:\users\administrator\desktop\3drender\hw6\application5.cpp(190): warning C4305: 'initializing' : truncation from 'double' to 'float'
c:\users\administrator\desktop\3drender\hw6\application5.cpp(190): warning C4305: 'initializing' : truncation from 'double' to 'float'
c:\users\administrator\desktop\3drender\hw6\application5.cpp(193): warning C4305: 'initializing' : truncation from 'double' to 'float'
c:\users\administrator\desktop\3drender\hw6\application5.cpp(193): warning C4305: 'initializing' : truncation from 'double' to 'float'
c:\users\administrator\desktop\3drender\hw6\application5.cpp(193): warning C4305: 'initializing' : truncation from 'double' to 'float'
c:\users\administrator\desktop\3drender\hw6\application5.cpp(194): warning C4305: 'initializing' : truncation from 'double' to 'float'
c:\users\administrator\desktop\3drender\hw6\application5.cpp(194): warning C4305: 'initializing' : truncation from 'double' to 'float'
c:\users\administrator\desktop\3drender\hw6\application5.cpp(194): warning C4305: 'initializing' : truncation from 'double' to 'float'
c:\users\administrator\desktop\3drender\hw6\application5.cpp(195): warning C4305: 'initializing' : truncation from 'double' to 'float'
c:\users\administrator\desktop\3drender\hw6\application5.cpp(195): warning C4305: 'initializing' : truncation from 'double' to 'float'
c:\users\administrator\desktop\3drender\hw6\application5.cpp(195): warning C4305: 'initializing' : truncation from 'double' to 'float'
c:\users\administrator\desktop\3drender\hw6\application5.cpp(72): warning C4101: 'shaderType' : unreferenced local variable
c:\users\administrator\desktop\3drender\hw6\application5.cpp(78): warning C4101: 'j' : unreferenced local variable
c:\users\administrator\desktop\3drender\hw6\application5.cpp(351): warning C4996: 'fopen': This function or variable may be unsafe. Consider using fopen_s instead. To disable deprecation, use _CRT_SECURE_NO_WARNINGS. See online help for details.
          c:\program files\microsoft visual studio 10.0\vc\include\stdio.h(234) : see declaration of 'fopen'
c:\users\administrator\desktop\3drender\hw6\application5.cpp(358): warning C4996: 'fopen': This function or variable may be unsafe. Consider using fopen_s instead. To disable deprecation, use _CRT_SECURE_NO_WARNINGS. See online help for details.
          c:\program files\microsoft visual studio 10.0\vc\include\stdio.h(234) : see declaration of 'fopen'
c:\users\administrator\desktop\3drender\hw6\application5.cpp(368): warning C4996: 'fscanf': This function or variable may be unsafe. Consider using fscanf_s instead. To disable deprecation, use _CRT_SECURE_NO_WARNINGS. See online help for details.
          c:\program files\microsoft visual studio 10.0\vc\include\stdio.h(253) : see declaration of 'fscanf'
c:\users\administrator\desktop\3drender\hw6\application5.cpp(374): warning C4996: 'fscanf': This function or variable may be unsafe. Consider using fscanf_s instead. To disable deprecation, use _CRT_SECURE_NO_WARNINGS. See online help for details.
          c:\program files\microsoft visual studio 10.0\vc\include\stdio.h(253) : see declaration of 'fscanf'
c:\users\administrator\desktop\3drender\hw6\application5.cpp(380): warning C4996: 'fscanf': This function or variable may be unsafe. Consider using fscanf_s instead. To disable deprecation, use _CRT_SECURE_NO_WARNINGS. See online help for details.
          c:\program files\microsoft visual studio 10.0\vc\include\stdio.h(253) : see declaration of 'fscanf'
c:\users\administrator\desktop\3drender\hw6\application5.cpp(386): warning C4996: 'fscanf': This function or variable may be unsafe. Consider using fscanf_s instead. To disable deprecation, use _CRT_SECURE_NO_WARNINGS. See online help for details.
          c:\program files\microsoft visual studio 10.0\vc\include\stdio.h(253) : see declaration of 'fscanf'
c:\users\administrator\desktop\3drender\hw6\application5.cpp(423): warning C4244: '=' : conversion from 'float' to 'GzIntensity', possible loss of data
c:\users\administrator\desktop\3drender\hw6\application5.cpp(424): warning C4244: '=' : conversion from 'float' to 'GzIntensity', possible loss of data
c:\users\administrator\desktop\3drender\hw6\application5.cpp(425): warning C4244: '=' : conversion from 'float' to 'GzIntensity', possible loss of data
  Application.cpp
  Generating Code...
ResourceCompile:
  C:\Program Files\Microsoft SDKs\Windows\v7.0A\bin\rc.exe /D _DEBUG /D _VC80_UPGRADE=0x0600 /D _AFXDLL /l"0x0409" /nologo /fo".\Debug\CS580HW.res" CS580HW.rc 
ManifestResourceCompile:
  C:\Program Files\Microsoft SDKs\Windows\v7.0A\bin\rc.exe /nologo /fo".\Debug\CS580HW5.exe.embed.manifest.res" .\Debug\CS580HW5_manifest.rc 
Link:
  C:\Program Files\Microsoft Visual Studio 10.0\VC\bin\link.exe /ERRORREPORT:PROMPT /OUT:".\Debug\CS580HW5.exe" /INCREMENTAL /NOLOGO /MANIFEST /ManifestFile:".\Debug\CS580HW5.exe.intermediate.manifest" /MANIFESTUAC:"level='asInvoker' uiAccess='false'" /DEBUG /PDB:"C:\Users\Administrator\Desktop\3DRender\HW6\Debug\CS580HW5.pdb" /SUBSYSTEM:WINDOWS /TLBID:1 /DYNAMICBASE /NXCOMPAT /IMPLIB:".\Debug\CS580HW5.lib" /MACHINE:X86 .\Debug\CS580HW.res
  .\Debug\CS580HW5.exe.embed.manifest.res
  .\Debug\Application.obj
  .\Debug\Application5.obj
  .\Debug\CS580HW.obj
  .\Debug\CS580HWDoc.obj
  .\Debug\CS580HWView.obj
  .\Debug\disp.obj
  .\Debug\MainFrm.obj
  .\Debug\rend.obj
  .\Debug\RotateDlg.obj
  .\Debug\ScaleDlg.obj
  .\Debug\StdAfx.obj
  .\Debug\tex_fun.obj
  .\Debug\TranslateDlg.obj
Manifest:
  C:\Program Files\Microsoft SDKs\Windows\v7.0A\bin\mt.exe /nologo /verbose /out:".\Debug\CS580HW5.exe.embed.manifest" /manifest .\Debug\CS580HW5.exe.intermediate.manifest "C:\Program Files\Microsoft Visual Studio 10.0\VC\Include\Manifest\dpiaware.manifest"
  C:\Program Files\Microsoft SDKs\Windows\v7.0A\bin\rc.exe /nologo /fo".\Debug\CS580HW5.exe.embed.manifest.res" .\Debug\CS580HW5_manifest.rc 
LinkEmbedManifest:
  C:\Program Files\Microsoft Visual Studio 10.0\VC\bin\link.exe /ERRORREPORT:PROMPT /OUT:".\Debug\CS580HW5.exe" /INCREMENTAL /NOLOGO /MANIFEST /ManifestFile:".\Debug\CS580HW5.exe.intermediate.manifest" /MANIFESTUAC:"level='asInvoker' uiAccess='false'" /DEBUG /PDB:"C:\Users\Administrator\Desktop\3DRender\HW6\Debug\CS580HW5.pdb" /SUBSYSTEM:WINDOWS /TLBID:1 /DYNAMICBASE /NXCOMPAT /IMPLIB:".\Debug\CS580HW5.lib" /MACHINE:X86 .\Debug\CS580HW.res
  .\Debug\CS580HW5.exe.embed.manifest.res
  .\Debug\Application.obj
  .\Debug\Application5.obj
  .\Debug\CS580HW.obj
  .\Debug\CS580HWDoc.obj
  .\Debug\CS580HWView.obj
  .\Debug\disp.obj
  .\Debug\MainFrm.obj
  .\Debug\rend.obj
  .\Debug\RotateDlg.obj
  .\Debug\ScaleDlg.obj
  .\Debug\StdAfx.obj
  .\Debug\tex_fun.obj
  .\Debug\TranslateDlg.obj
  CS580HW5.vcxproj -> C:\Users\Administrator\Desktop\3DRender\HW6\.\Debug\CS580HW5.exe
BscMake:
  C:\Program Files\Microsoft Visual Studio 10.0\VC\bin\bscmake.exe /nologo /o".\Debug\CS580HW5.bsc" .\Debug\Application.sbr .\Debug\Application5.sbr .\Debug\CS580HW.sbr .\Debug\CS580HWDoc.sbr .\Debug\CS580HWView.sbr .\Debug\disp.sbr .\Debug\MainFrm.sbr .\Debug\rend.sbr .\Debug\RotateDlg.sbr .\Debug\ScaleDlg.sbr .\Debug\StdAfx.sbr .\Debug\tex_fun.sbr .\Debug\TranslateDlg.sbr
FinalizeBuildStatus:
  Deleting file ".\Debug\CS580HW5.unsuccessfulbuild".
  Touching ".\Debug\CS580HW5.lastbuildstate".
Done Building Project "C:\Users\Administrator\Desktop\3DRender\HW6\CS580HW5.vcxproj" (build target(s)).

Build succeeded.

Time Elapsed 00:00:15.92
